time="2024-06-28T13:33:43+03:00" level=info msg="create router" func="main.main()" file="app.go:16"
time="2024-06-28T13:33:43+03:00" level=info msg="register handler" func="main.main()" file="app.go:19"
time="2024-06-28T13:33:43+03:00" level=info msg="start application" func="main.start()" file="app.go:28"
time="2024-06-28T13:33:43+03:00" level=info msg=serve func="main.start()" file="app.go:40"
time="2024-06-29T14:39:24+03:00" level=info msg="create router" func="main.main()" file="app.go:21"
time="2024-06-29T14:39:24+03:00" level=info msg="get config" func="main.main()" file="app.go:24"
time="2024-06-29T14:39:24+03:00" level=info msg="read application conf" func="main.go/internal/handlers/config.GetConfig.func1()" file="config.go:25"
time="2024-06-29T14:39:24+03:00" level=info msg="register handler" func="main.main()" file="app.go:27"
time="2024-06-29T14:39:24+03:00" level=info msg="start application" func="main.start()" file="app.go:36"
time="2024-06-29T14:39:24+03:00" level=info msg="listen tcp" func="main.start()" file="app.go:54"
time="2024-06-29T14:39:24+03:00" level=info msg="server is listening port 0.0.0.0:10000" func="main.start()" file="app.go:56"
time="2024-06-29T14:39:24+03:00" level=info msg="serve  %s:%s0.0.0.010000" func="main.start()" file="app.go:69"
time="2024-06-29T14:41:08+03:00" level=info msg="create router" func="main.main()" file="app.go:21"
time="2024-06-29T14:41:08+03:00" level=info msg="get config" func="main.main()" file="app.go:24"
time="2024-06-29T14:41:08+03:00" level=info msg="read application conf" func="main.go/internal/handlers/config.GetConfig.func1()" file="config.go:25"
time="2024-06-29T14:41:08+03:00" level=info msg="register handler" func="main.main()" file="app.go:27"
time="2024-06-29T14:41:08+03:00" level=info msg="start application" func="main.start()" file="app.go:36"
time="2024-06-29T14:41:08+03:00" level=info msg="listen tcp" func="main.start()" file="app.go:54"
time="2024-06-29T14:41:08+03:00" level=info msg="server is listening port 0.0.0.0:10000" func="main.start()" file="app.go:56"
time="2024-06-29T14:41:08+03:00" level=info msg="serve  %s:%s0.0.0.010000" func="main.start()" file="app.go:69"
time="2024-06-29T14:41:34+03:00" level=info msg="create router" func="main.main()" file="app.go:21"
time="2024-06-29T14:41:34+03:00" level=info msg="get config" func="main.main()" file="app.go:24"
time="2024-06-29T14:41:34+03:00" level=info msg="read application conf" func="main.go/internal/handlers/config.GetConfig.func1()" file="config.go:25"
time="2024-06-29T14:41:34+03:00" level=info msg="register handler" func="main.main()" file="app.go:27"
time="2024-06-29T14:41:34+03:00" level=info msg="start application" func="main.start()" file="app.go:36"
time="2024-06-29T14:41:34+03:00" level=info msg="listen tcp" func="main.start()" file="app.go:54"
time="2024-06-29T14:41:34+03:00" level=info msg="server is listening port 0.0.0.0:10000" func="main.start()" file="app.go:56"
time="2024-06-29T14:42:58+03:00" level=info msg="create router" func="main.main()" file="app.go:21"
time="2024-06-29T14:42:58+03:00" level=info msg="get config" func="main.main()" file="app.go:24"
time="2024-06-29T14:42:58+03:00" level=info msg="read application conf" func="main.go/internal/handlers/config.GetConfig.func1()" file="config.go:25"
time="2024-06-29T14:42:58+03:00" level=info msg="register handler" func="main.main()" file="app.go:27"
time="2024-06-29T14:42:58+03:00" level=info msg="start application" func="main.start()" file="app.go:36"
time="2024-06-29T14:42:58+03:00" level=info msg="listen tcp" func="main.start()" file="app.go:54"
time="2024-06-29T14:42:58+03:00" level=info msg="server is listening port 127.0.0.1:8080" func="main.start()" file="app.go:56"
time="2024-06-29T14:44:45+03:00" level=info msg="create router" func="main.main()" file="app.go:21"
time="2024-06-29T14:44:45+03:00" level=info msg="get config" func="main.main()" file="app.go:24"
time="2024-06-29T14:44:45+03:00" level=info msg="read application conf" func="main.go/internal/handlers/config.GetConfig.func1()" file="config.go:25"
time="2024-06-29T14:44:45+03:00" level=info msg="register handler" func="main.main()" file="app.go:27"
time="2024-06-29T14:44:45+03:00" level=info msg="start application" func="main.start()" file="app.go:36"
time="2024-06-29T14:44:45+03:00" level=info msg="listen tcp" func="main.start()" file="app.go:55"
time="2024-06-29T14:44:45+03:00" level=info msg="server is listening port 127.0.0.1:8080" func="main.start()" file="app.go:57"
time="2024-06-29T14:46:26+03:00" level=info msg="create router" func="main.main()" file="app.go:21"
time="2024-06-29T14:46:26+03:00" level=info msg="get config" func="main.main()" file="app.go:24"
time="2024-06-29T14:46:26+03:00" level=info msg="read application conf" func="main.go/internal/handlers/config.GetConfig.func1()" file="config.go:25"
time="2024-06-29T14:46:26+03:00" level=info msg="register handler" func="main.main()" file="app.go:27"
time="2024-06-29T14:46:26+03:00" level=info msg="start application" func="main.start()" file="app.go:36"
time="2024-06-29T14:46:26+03:00" level=info msg="listen tcp" func="main.start()" file="app.go:55"
time="2024-06-29T14:46:26+03:00" level=info msg="server is listening port 127.0.0.1:8080" func="main.start()" file="app.go:57"
time="2024-06-29T14:47:15+03:00" level=info msg="create router" func="main.main()" file="app.go:21"
time="2024-06-29T14:47:15+03:00" level=info msg="get config" func="main.main()" file="app.go:24"
time="2024-06-29T14:47:15+03:00" level=info msg="read application conf" func="main.go/internal/handlers/config.GetConfig.func1()" file="config.go:25"
time="2024-06-29T14:47:15+03:00" level=info msg="register handler" func="main.main()" file="app.go:27"
time="2024-06-29T14:47:15+03:00" level=info msg="start application" func="main.start()" file="app.go:36"
time="2024-06-29T14:47:15+03:00" level=info msg="listen tcp" func="main.start()" file="app.go:55"
time="2024-06-29T14:47:15+03:00" level=info msg="server is listening port 127.0.0.1:8080" func="main.start()" file="app.go:57"
time="2024-06-29T14:47:35+03:00" level=info msg="create router" func="main.main()" file="app.go:21"
time="2024-06-29T14:47:35+03:00" level=info msg="get config" func="main.main()" file="app.go:24"
time="2024-06-29T14:47:35+03:00" level=info msg="read application conf" func="main.go/internal/handlers/config.GetConfig.func1()" file="config.go:25"
time="2024-06-29T14:47:35+03:00" level=info msg="register handler" func="main.main()" file="app.go:27"
time="2024-06-29T14:47:35+03:00" level=info msg="start application" func="main.start()" file="app.go:36"
time="2024-06-29T14:47:35+03:00" level=info msg="detect app path" func="main.start()" file="app.go:42"
time="2024-06-29T14:47:35+03:00" level=info msg="create socket" func="main.start()" file="app.go:47"
time="2024-06-29T14:47:35+03:00" level=debug msg="socket path C:\\Users\\73B5~1\\AppData\\Local\\Temp\\go-build159037432\\b001\\exe/app.sock" func="main.start()" file="app.go:49"
time="2024-06-29T14:47:35+03:00" level=info msg="listen unix socket" func="main.start()" file="app.go:51"
time="2024-06-29T14:47:35+03:00" level=info msg="server is listening unix socket: C:\\Users\\73B5~1\\AppData\\Local\\Temp\\go-build159037432\\b001\\exe/app.sock" func="main.start()" file="app.go:53"
time="2024-06-29T14:56:36+03:00" level=info msg="create router" func="main.main()" file="app.go:21"
time="2024-06-29T14:56:36+03:00" level=info msg="get config" func="main.main()" file="app.go:24"
time="2024-06-29T14:56:36+03:00" level=info msg="read application conf" func="main.go/internal/handlers/config.GetConfig.func1()" file="config.go:25"
time="2024-06-29T14:56:36+03:00" level=info msg="register handler" func="main.main()" file="app.go:27"
time="2024-06-29T14:56:36+03:00" level=info msg="start application" func="main.start()" file="app.go:36"
time="2024-06-29T14:56:36+03:00" level=info msg="detect app path" func="main.start()" file="app.go:42"
time="2024-06-29T14:56:36+03:00" level=info msg="create socket" func="main.start()" file="app.go:47"
time="2024-06-29T14:56:36+03:00" level=debug msg="socket path C:\\Users\\73B5~1\\AppData\\Local\\Temp\\go-build4143121281\\b001\\exe/app.sock" func="main.start()" file="app.go:49"
time="2024-06-29T14:56:36+03:00" level=info msg="listen unix socket" func="main.start()" file="app.go:51"
time="2024-06-29T14:56:36+03:00" level=info msg="server is listening unix socket: C:\\Users\\73B5~1\\AppData\\Local\\Temp\\go-build4143121281\\b001\\exe/app.sock" func="main.start()" file="app.go:53"
time="2024-06-29T14:58:46+03:00" level=info msg="create router" func="main.main()" file="app.go:21"
time="2024-06-29T14:58:46+03:00" level=info msg="get config" func="main.main()" file="app.go:24"
time="2024-06-29T14:58:46+03:00" level=info msg="read application conf" func="main.go/internal/handlers/config.GetConfig.func1()" file="config.go:25"
time="2024-06-29T14:58:46+03:00" level=info msg="register handler" func="main.main()" file="app.go:27"
time="2024-06-29T14:58:46+03:00" level=info msg="start application" func="main.start()" file="app.go:36"
time="2024-06-29T14:58:46+03:00" level=info msg="detect app path" func="main.start()" file="app.go:42"
time="2024-06-29T14:58:46+03:00" level=info msg="create socket" func="main.start()" file="app.go:47"
time="2024-06-29T14:58:46+03:00" level=debug msg="socket path C:\\Users\\73B5~1\\AppData\\Local\\Temp\\go-build1212921781\\b001\\exe/app.sock" func="main.start()" file="app.go:49"
time="2024-06-29T14:58:46+03:00" level=info msg="listen unix socket" func="main.start()" file="app.go:51"
time="2024-06-29T14:58:46+03:00" level=info msg="server is listening unix socket: C:\\Users\\73B5~1\\AppData\\Local\\Temp\\go-build1212921781\\b001\\exe/app.sock" func="main.start()" file="app.go:53"
time="2024-06-29T15:04:08+03:00" level=info msg="create router" func="main.main()" file="app.go:21"
time="2024-06-29T15:04:08+03:00" level=info msg="get config" func="main.main()" file="app.go:24"
time="2024-06-29T15:04:08+03:00" level=info msg="read application conf" func="main.go/internal/handlers/config.GetConfig.func1()" file="config.go:25"
time="2024-06-29T15:04:08+03:00" level=info msg="register handler" func="main.main()" file="app.go:27"
time="2024-06-29T15:04:08+03:00" level=info msg="start application" func="main.start()" file="app.go:36"
time="2024-06-29T15:04:08+03:00" level=info msg="detect app path" func="main.start()" file="app.go:42"
time="2024-06-29T15:04:08+03:00" level=info msg="create socket" func="main.start()" file="app.go:47"
time="2024-06-29T15:04:08+03:00" level=debug msg="socket path C:\\Users\\73B5~1\\AppData\\Local\\Temp\\go-build2731261533\\b001\\exe/build/app.sock" func="main.start()" file="app.go:49"
time="2024-06-29T15:04:08+03:00" level=info msg="listen unix socket" func="main.start()" file="app.go:51"
time="2024-06-29T15:04:08+03:00" level=info msg="server is listening unix socket: C:\\Users\\73B5~1\\AppData\\Local\\Temp\\go-build2731261533\\b001\\exe/build/app.sock" func="main.start()" file="app.go:53"
time="2024-06-29T15:04:08+03:00" level=fatal msg="listen unix C:\\Users\\73B5~1\\AppData\\Local\\Temp\\go-build2731261533\\b001\\exe/build/app.sock: bind: A socket operation encountered a dead network." func="main.start()" file="app.go:61"
time="2024-06-29T15:06:33+03:00" level=info msg="create router" func="main.main()" file="app.go:20"
time="2024-06-29T15:06:33+03:00" level=info msg="get config" func="main.main()" file="app.go:23"
time="2024-06-29T15:06:33+03:00" level=info msg="read application conf" func="main.go/internal/handlers/config.GetConfig.func1()" file="config.go:25"
time="2024-06-29T15:06:33+03:00" level=info msg="register handler" func="main.main()" file="app.go:26"
time="2024-06-29T15:06:33+03:00" level=info msg="start application" func="main.start()" file="app.go:35"
time="2024-06-29T15:06:33+03:00" level=info msg="detect app path" func="main.start()" file="app.go:41"
time="2024-06-29T15:06:33+03:00" level=info msg="create socket" func="main.start()" file="app.go:46"
time="2024-06-29T15:06:33+03:00" level=debug msg="socket path C:\\Projects\\restapi/build/app.sock" func="main.start()" file="app.go:48"
time="2024-06-29T15:06:33+03:00" level=info msg="listen unix socket" func="main.start()" file="app.go:50"
time="2024-06-29T15:06:33+03:00" level=info msg="server is listening unix socket: C:\\Projects\\restapi/build/app.sock" func="main.start()" file="app.go:52"
time="2024-06-29T15:27:47+03:00" level=info msg="create router" func="main.main()" file="app.go:20"
time="2024-06-29T15:27:47+03:00" level=info msg="get config" func="main.main()" file="app.go:23"
time="2024-06-29T15:27:47+03:00" level=info msg="read application conf" func="main.go/internal/handlers/config.GetConfig.func1()" file="config.go:25"
time="2024-06-29T15:27:47+03:00" level=info msg="register handler" func="main.main()" file="app.go:26"
time="2024-06-29T15:27:47+03:00" level=info msg="start application" func="main.start()" file="app.go:35"
time="2024-06-29T15:27:47+03:00" level=info msg="detect app path" func="main.start()" file="app.go:41"
time="2024-06-29T15:27:47+03:00" level=info msg="create socket" func="main.start()" file="app.go:46"
time="2024-06-29T15:27:47+03:00" level=debug msg="socket path C:\\Projects\\restapi/build/app.sock" func="main.start()" file="app.go:48"
time="2024-06-29T15:27:47+03:00" level=info msg="listen unix socket" func="main.start()" file="app.go:50"
time="2024-06-29T15:27:47+03:00" level=info msg="server is listening unix socket: C:\\Projects\\restapi/build/app.sock" func="main.start()" file="app.go:52"
time="2024-06-29T15:27:47+03:00" level=fatal msg="listen unix C:\\Projects\\restapi/build/app.sock: bind: Only one usage of each socket address (protocol/network address/port) is normally permitted." func="main.start()" file="app.go:60"
time="2024-06-29T15:28:43+03:00" level=info msg="create router" func="main.main()" file="app.go:20"
time="2024-06-29T15:28:43+03:00" level=info msg="get config" func="main.main()" file="app.go:23"
time="2024-06-29T15:28:43+03:00" level=info msg="read application conf" func="main.go/internal/handlers/config.GetConfig.func1()" file="config.go:25"
time="2024-06-29T15:28:43+03:00" level=info msg="register handler" func="main.main()" file="app.go:26"
time="2024-06-29T15:28:43+03:00" level=info msg="start application" func="main.start()" file="app.go:35"
time="2024-06-29T15:28:43+03:00" level=info msg="detect app path" func="main.start()" file="app.go:41"
time="2024-06-29T15:28:43+03:00" level=info msg="create socket" func="main.start()" file="app.go:46"
time="2024-06-29T15:28:43+03:00" level=info msg="listen unix socket" func="main.start()" file="app.go:49"
time="2024-06-29T15:28:43+03:00" level=info msg="server is listening unix socket: C:\\Projects\\restapi/build/app.sock" func="main.start()" file="app.go:51"
time="2024-06-29T15:28:43+03:00" level=fatal msg="listen unix C:\\Projects\\restapi/build/app.sock: bind: Only one usage of each socket address (protocol/network address/port) is normally permitted." func="main.start()" file="app.go:59"
time="2024-06-29T15:30:52+03:00" level=info msg="create router" func="main.main()" file="app.go:20"
time="2024-06-29T15:30:52+03:00" level=info msg="get config" func="main.main()" file="app.go:23"
time="2024-06-29T15:30:52+03:00" level=info msg="read application conf" func="main.go/internal/handlers/config.GetConfig.func1()" file="config.go:25"
time="2024-06-29T15:30:52+03:00" level=info msg="register handler" func="main.main()" file="app.go:26"
time="2024-06-29T15:30:52+03:00" level=info msg="start application" func="main.start()" file="app.go:35"
time="2024-06-29T15:30:52+03:00" level=info msg="detect app path" func="main.start()" file="app.go:41"
time="2024-06-29T15:30:52+03:00" level=info msg="create socket" func="main.start()" file="app.go:46"
time="2024-06-29T15:30:52+03:00" level=info msg="listen unix socket" func="main.start()" file="app.go:49"
time="2024-06-29T15:30:52+03:00" level=info msg="server is listening unix socket: C:\\Projects\\restapi/build/app.sock" func="main.start()" file="app.go:51"
